c:\users\rnedl\documents\myprojects\cpp\soldier_alien\debug\vc142.pdb
c:\users\rnedl\documents\myprojects\cpp\soldier_alien\debug\soldier.obj
c:\users\rnedl\documents\myprojects\cpp\soldier_alien\debug\rifleman.obj
c:\users\rnedl\documents\myprojects\cpp\soldier_alien\debug\queenofficer.obj
c:\users\rnedl\documents\myprojects\cpp\soldier_alien\debug\queen.obj
c:\users\rnedl\documents\myprojects\cpp\soldier_alien\debug\officer.obj
c:\users\rnedl\documents\myprojects\cpp\soldier_alien\debug\medic.obj
c:\users\rnedl\documents\myprojects\cpp\soldier_alien\debug\main.obj
c:\users\rnedl\documents\myprojects\cpp\soldier_alien\debug\flyerofficer.obj
c:\users\rnedl\documents\myprojects\cpp\soldier_alien\debug\flyermedic.obj
c:\users\rnedl\documents\myprojects\cpp\soldier_alien\debug\flyer.obj
c:\users\rnedl\documents\myprojects\cpp\soldier_alien\debug\dronerifleman.obj
c:\users\rnedl\documents\myprojects\cpp\soldier_alien\debug\dronemedic.obj
c:\users\rnedl\documents\myprojects\cpp\soldier_alien\debug\drone.obj
c:\users\rnedl\documents\myprojects\cpp\soldier_alien\debug\alien.obj
c:\users\rnedl\documents\myprojects\cpp\soldier_alien\debug\soldier_alien_2.pdb
c:\users\rnedl\documents\myprojects\cpp\soldier_alien\debug\soldier_alien_2.tlog\cl.command.1.tlog
c:\users\rnedl\documents\myprojects\cpp\soldier_alien\debug\soldier_alien_2.tlog\cl.read.1.tlog
c:\users\rnedl\documents\myprojects\cpp\soldier_alien\debug\soldier_alien_2.tlog\cl.write.1.tlog
c:\users\rnedl\documents\myprojects\cpp\soldier_alien\debug\soldier_alien_2.tlog\link-cvtres.read.1.tlog
c:\users\rnedl\documents\myprojects\cpp\soldier_alien\debug\soldier_alien_2.tlog\link-cvtres.write.1.tlog
c:\users\rnedl\documents\myprojects\cpp\soldier_alien\debug\soldier_alien_2.tlog\link-rc.read.1.tlog
c:\users\rnedl\documents\myprojects\cpp\soldier_alien\debug\soldier_alien_2.tlog\link-rc.write.1.tlog
c:\users\rnedl\documents\myprojects\cpp\soldier_alien\debug\soldier_alien_2.tlog\link.command.1.tlog
c:\users\rnedl\documents\myprojects\cpp\soldier_alien\debug\soldier_alien_2.tlog\link.read.1.tlog
c:\users\rnedl\documents\myprojects\cpp\soldier_alien\debug\soldier_alien_2.tlog\link.write.1.tlog
